0 info it worked if it ends with ok
1 verbose cli [ 'C:\\Program Files (x86)\\nodejs\\node.exe',
1 verbose cli   'C:\\Users\\Sana\\AppData\\Roaming\\npm\\node_modules\\npm\\bin\\npm-cli.js',
1 verbose cli   'start' ]
2 info using npm@3.8.8
3 info using node@v5.10.1
4 verbose run-script [ 'prestart', 'start', 'poststart' ]
5 info lifecycle forex@0.0.0~prestart: forex@0.0.0
6 silly lifecycle forex@0.0.0~prestart: no script for prestart, continuing
7 info lifecycle forex@0.0.0~start: forex@0.0.0
8 verbose lifecycle forex@0.0.0~start: unsafe-perm in lifecycle true
9 verbose lifecycle forex@0.0.0~start: PATH: C:\Users\Sana\AppData\Roaming\npm\node_modules\npm\bin\node-gyp-bin;C:\projects\mean\forex\node_modules\.bin;C:\Program Files (x86)\nodejs;C:\Users\Sana\AppData\Roaming\npm;C:\Program Files (x86)\nodejs\;C:\tt\ttm;C:\tt\bin;C:\ProgramData\Oracle\Java\javapath;C:\Program Files\Common Files\Microsoft Shared\Windows Live;C:\Program Files (x86)\Common Files\Microsoft Shared\Windows Live;C:\windows\system32;C:\windows;C:\windows\System32\Wbem;C:\windows\System32\WindowsPowerShell\v1.0\;C:\Program Files\Intel\WiFi\bin\;C:\Program Files\Common Files\Intel\WirelessCommon\;C:\Program Files (x86)\EgisTec Port Locker\x64;C:\Program Files (x86)\EgisTec Port Locker\;C:\Program Files (x86)\Windows Live\Shared;C:\wamp\bin\php\php5.5.12;C:\wamp\bin\php\php5.5.12\ext;c:\wamp\bin\php;C:\Program Files\Git\cmd;C:\Program Files\Git\mingw64\bin;C:\Program Files\Git\usr\bin;C:\ProgramData\ComposerSetup\bin;C:\Program Files (x86)\nodejs\;C:\Users\Sana\AppData\Local\Programs\Python\Python35-32\Scripts\;C:\Users\Sana\AppData\Local\Programs\Python\Python35-32\;C:\Ruby193\bin;C:\Program Files\nodejs;C:\Users\Sana\AppData\Roaming\npm\;c:\wamp\bin\php\php5.5.12;C:\Users\Sana\AppData\Roaming\Composer\vendor\bin;C:\Users\Sana\AppData\Roaming\npm;C:\Program Files\MongoDB\Server\3.2\bin
10 verbose lifecycle forex@0.0.0~start: CWD: C:\projects\mean\forex
11 silly lifecycle forex@0.0.0~start: Args: [ '/d /s /c', 'node ./bin/www' ]
12 silly lifecycle forex@0.0.0~start: Returned: code: 1  signal: null
13 info lifecycle forex@0.0.0~start: Failed to exec start script
14 verbose stack Error: forex@0.0.0 start: `node ./bin/www`
14 verbose stack Exit status 1
14 verbose stack     at EventEmitter.<anonymous> (C:\Users\Sana\AppData\Roaming\npm\node_modules\npm\lib\utils\lifecycle.js:244:16)
14 verbose stack     at emitTwo (events.js:100:13)
14 verbose stack     at EventEmitter.emit (events.js:185:7)
14 verbose stack     at ChildProcess.<anonymous> (C:\Users\Sana\AppData\Roaming\npm\node_modules\npm\lib\utils\spawn.js:24:14)
14 verbose stack     at emitTwo (events.js:100:13)
14 verbose stack     at ChildProcess.emit (events.js:185:7)
14 verbose stack     at maybeClose (internal/child_process.js:850:16)
14 verbose stack     at Process.ChildProcess._handle.onexit (internal/child_process.js:215:5)
15 verbose pkgid forex@0.0.0
16 verbose cwd C:\projects\mean\forex\views
17 error Windows_NT 6.1.7601
18 error argv "C:\\Program Files (x86)\\nodejs\\node.exe" "C:\\Users\\Sana\\AppData\\Roaming\\npm\\node_modules\\npm\\bin\\npm-cli.js" "start"
19 error node v5.10.1
20 error npm  v3.8.8
21 error code ELIFECYCLE
22 error forex@0.0.0 start: `node ./bin/www`
22 error Exit status 1
23 error Failed at the forex@0.0.0 start script 'node ./bin/www'.
23 error Make sure you have the latest version of node.js and npm installed.
23 error If you do, this is most likely a problem with the forex package,
23 error not with npm itself.
23 error Tell the author that this fails on your system:
23 error     node ./bin/www
23 error You can get information on how to open an issue for this project with:
23 error     npm bugs forex
23 error Or if that isn't available, you can get their info via:
23 error     npm owner ls forex
23 error There is likely additional logging output above.
24 verbose exit [ 1, true ]
